  game.cpp
C:\Users\dquin\Documents\GitHub\lab2-Jocs\src\framework.h(372,105): warning C4244: 'return': conversión de 'double' a 'float'; posible pérdida de datos
C:\Users\dquin\Documents\GitHub\lab2-Jocs\src\game.cpp(79,14): warning C4244: 'inicializando': conversión de 'double' a 'float'; posible pérdida de datos
C:\Users\dquin\Documents\GitHub\lab2-Jocs\src\game.cpp(142,40): warning C4244: '*=': conversión de 'double' a 'float'; posible pérdida de datos
C:\Users\dquin\Documents\GitHub\lab2-Jocs\src\game.cpp(151,49): warning C4244: 'argumento': conversión de 'int' a 'float'; posible pérdida de datos
C:\Users\dquin\Documents\GitHub\lab2-Jocs\src\game.cpp(151,42): warning C4244: 'argumento': conversión de 'int' a 'float'; posible pérdida de datos
  main.cpp
C:\Users\dquin\Documents\GitHub\lab2-Jocs\src\framework.h(372,105): warning C4244: 'return': conversión de 'double' a 'float'; posible pérdida de datos
C:\Users\dquin\Documents\GitHub\lab2-Jocs\src\main.cpp(118,46): warning C4244: '=': conversión de 'Sint32' a 'float'; posible pérdida de datos
C:\Users\dquin\Documents\GitHub\lab2-Jocs\src\main.cpp(152,24): warning C4244: '=': conversión de 'double' a 'float'; posible pérdida de datos
  mygame.cpp
C:\Users\dquin\Documents\GitHub\lab2-Jocs\src\framework.h(372,105): warning C4244: 'return': conversión de 'double' a 'float'; posible pérdida de datos
C:\Users\dquin\Documents\GitHub\lab2-Jocs\src\mygame.cpp(63,34): warning C4305: 'argumento': truncamiento de 'double' a 'float'
C:\Users\dquin\Documents\GitHub\lab2-Jocs\src\mygame.cpp(79,72): warning C4244: 'argumento': conversión de 'int' a 'float'; posible pérdida de datos
C:\Users\dquin\Documents\GitHub\lab2-Jocs\src\mygame.cpp(79,42): warning C4244: 'argumento': conversión de 'int' a 'float'; posible pérdida de datos
C:\Users\dquin\Documents\GitHub\lab2-Jocs\src\mygame.cpp(86,36): warning C4305: 'argumento': truncamiento de 'double' a 'float'
C:\Users\dquin\Documents\GitHub\lab2-Jocs\src\mygame.cpp(131,14): warning C4244: 'inicializando': conversión de 'double' a 'float'; posible pérdida de datos
C:\Users\dquin\Documents\GitHub\lab2-Jocs\src\mygame.cpp(132,14): warning C4244: 'inicializando': conversión de 'double' a 'float'; posible pérdida de datos
C:\Users\dquin\Documents\GitHub\lab2-Jocs\src\mygame.cpp(147,44): warning C4305: 'argumento': truncamiento de 'double' a 'float'
C:\Users\dquin\Documents\GitHub\lab2-Jocs\src\mygame.cpp(187,104): warning C4244: 'argumento': conversión de 'int' a 'float'; posible pérdida de datos
C:\Users\dquin\Documents\GitHub\lab2-Jocs\src\mygame.cpp(187,74): warning C4244: 'argumento': conversión de 'int' a 'float'; posible pérdida de datos
C:\Users\dquin\Documents\GitHub\lab2-Jocs\src\mygame.cpp(189,18): warning C4244: 'inicializando': conversión de 'double' a 'float'; posible pérdida de datos
C:\Users\dquin\Documents\GitHub\lab2-Jocs\src\mygame.cpp(203,83): warning C4244: 'argumento': conversión de 'int' a 'float'; posible pérdida de datos
C:\Users\dquin\Documents\GitHub\lab2-Jocs\src\mygame.cpp(203,77): warning C4244: 'argumento': conversión de 'int' a 'float'; posible pérdida de datos
C:\Users\dquin\Documents\GitHub\lab2-Jocs\src\mygame.cpp(203,64): warning C4244: 'argumento': conversión de 'int' a 'float'; posible pérdida de datos
C:\Users\dquin\Documents\GitHub\lab2-Jocs\src\mygame.cpp(203,15): warning C4244: 'argumento': conversión de 'double' a 'float'; posible pérdida de datos
C:\Users\dquin\Documents\GitHub\lab2-Jocs\src\mygame.cpp(204,56): warning C4244: 'argumento': conversión de 'double' a 'float'; posible pérdida de datos
C:\Users\dquin\Documents\GitHub\lab2-Jocs\src\mygame.cpp(247,89): warning C4244: 'argumento': conversión de 'int' a 'float'; posible pérdida de datos
C:\Users\dquin\Documents\GitHub\lab2-Jocs\src\mygame.cpp(247,59): warning C4244: 'argumento': conversión de 'int' a 'float'; posible pérdida de datos
C:\Users\dquin\Documents\GitHub\lab2-Jocs\src\mygame.cpp(247,36): warning C4244: 'argumento': conversión de 'int' a 'float'; posible pérdida de datos
C:\Users\dquin\Documents\GitHub\lab2-Jocs\src\mygame.cpp(247,27): warning C4244: 'argumento': conversión de 'int' a 'float'; posible pérdida de datos
C:\Users\dquin\Documents\GitHub\lab2-Jocs\src\mygame.cpp(251,52): warning C4305: 'argumento': truncamiento de 'double' a 'float'
C:\Users\dquin\Documents\GitHub\lab2-Jocs\src\mygame.cpp(287,46): warning C4305: 'argumento': truncamiento de 'double' a 'float'
C:\Users\dquin\Documents\GitHub\lab2-Jocs\src\mygame.cpp(312,104): warning C4244: 'argumento': conversión de 'int' a 'float'; posible pérdida de datos
C:\Users\dquin\Documents\GitHub\lab2-Jocs\src\mygame.cpp(312,88): warning C4244: 'argumento': conversión de 'int' a 'float'; posible pérdida de datos
C:\Users\dquin\Documents\GitHub\lab2-Jocs\src\mygame.cpp(312,75): warning C4244: 'argumento': conversión de 'int' a 'float'; posible pérdida de datos
C:\Users\dquin\Documents\GitHub\lab2-Jocs\src\mygame.cpp(312,16): warning C4244: 'argumento': conversión de 'double' a 'float'; posible pérdida de datos
C:\Users\dquin\Documents\GitHub\lab2-Jocs\src\mygame.cpp(313,59): warning C4244: 'argumento': conversión de 'double' a 'float'; posible pérdida de datos
C:\Users\dquin\Documents\GitHub\lab2-Jocs\src\mygame.cpp(330,22): warning C4244: 'argumento': conversión de 'int' a 'float'; posible pérdida de datos
C:\Users\dquin\Documents\GitHub\lab2-Jocs\src\mygame.cpp(332,30): warning C4244: 'argumento': conversión de 'int' a 'float'; posible pérdida de datos
C:\Users\dquin\Documents\GitHub\lab2-Jocs\src\mygame.cpp(337,26): warning C4244: 'argumento': conversión de 'int' a 'float'; posible pérdida de datos
C:\Users\dquin\Documents\GitHub\lab2-Jocs\src\mygame.cpp(338,30): warning C4244: 'argumento': conversión de 'int' a 'float'; posible pérdida de datos
C:\Users\dquin\Documents\GitHub\lab2-Jocs\src\mygame.cpp(358,30): warning C4244: 'argumento': conversión de 'int' a 'float'; posible pérdida de datos
C:\Users\dquin\Documents\GitHub\lab2-Jocs\src\mygame.cpp(361,26): warning C4244: 'argumento': conversión de 'int' a 'float'; posible pérdida de datos
C:\Users\dquin\Documents\GitHub\lab2-Jocs\src\mygame.cpp(362,30): warning C4244: 'argumento': conversión de 'int' a 'float'; posible pérdida de datos
C:\Users\dquin\Documents\GitHub\lab2-Jocs\src\mygame.cpp(456,35): warning C4244: 'argumento': conversión de 'double' a 'float'; posible pérdida de datos
C:\Users\dquin\Documents\GitHub\lab2-Jocs\src\mygame.cpp(458,136): warning C4244: 'argumento': conversión de 'double' a 'float'; posible pérdida de datos
C:\Users\dquin\Documents\GitHub\lab2-Jocs\src\mygame.cpp(459,134): warning C4244: 'argumento': conversión de 'double' a 'float'; posible pérdida de datos
C:\Users\dquin\Documents\GitHub\lab2-Jocs\src\mygame.cpp(460,121): warning C4244: 'argumento': conversión de 'double' a 'float'; posible pérdida de datos
C:\Users\dquin\Documents\GitHub\lab2-Jocs\src\mygame.cpp(461,122): warning C4244: 'argumento': conversión de 'double' a 'float'; posible pérdida de datos
C:\Users\dquin\Documents\GitHub\lab2-Jocs\src\mygame.cpp(468,92): warning C4305: 'argumento': truncamiento de 'double' a 'float'
C:\Users\dquin\Documents\GitHub\lab2-Jocs\src\mygame.cpp(468,94): warning C4244: 'argumento': conversión de 'double' a 'float'; posible pérdida de datos
C:\Users\dquin\Documents\GitHub\lab2-Jocs\src\mygame.cpp(469,97): warning C4305: 'argumento': truncamiento de 'double' a 'float'
C:\Users\dquin\Documents\GitHub\lab2-Jocs\src\mygame.cpp(469,99): warning C4244: 'argumento': conversión de 'double' a 'float'; posible pérdida de datos
C:\Users\dquin\Documents\GitHub\lab2-Jocs\src\mygame.cpp(534,47): warning C4305: 'argumento': truncamiento de 'double' a 'float'
C:\Users\dquin\Documents\GitHub\lab2-Jocs\src\mygame.cpp(537,43): warning C4244: 'argumento': conversión de 'double' a 'float'; posible pérdida de datos
C:\Users\dquin\Documents\GitHub\lab2-Jocs\src\mygame.cpp(541,31): warning C4244: 'argumento': conversión de 'double' a 'float'; posible pérdida de datos
C:\Users\dquin\Documents\GitHub\lab2-Jocs\src\mygame.cpp(542,30): warning C4244: 'argumento': conversión de 'double' a 'float'; posible pérdida de datos
C:\Users\dquin\Documents\GitHub\lab2-Jocs\src\mygame.cpp(545,44): warning C4244: 'argumento': conversión de 'double' a 'float'; posible pérdida de datos
C:\Users\dquin\Documents\GitHub\lab2-Jocs\src\mygame.cpp(560,47): warning C4244: 'argumento': conversión de 'double' a 'float'; posible pérdida de datos
C:\Users\dquin\Documents\GitHub\lab2-Jocs\src\mygame.cpp(562,94): warning C4244: 'argumento': conversión de 'double' a 'float'; posible pérdida de datos
C:\Users\dquin\Documents\GitHub\lab2-Jocs\src\mygame.cpp(565,47): warning C4244: 'argumento': conversión de 'double' a 'float'; posible pérdida de datos
C:\Users\dquin\Documents\GitHub\lab2-Jocs\src\mygame.cpp(567,93): warning C4244: 'argumento': conversión de 'double' a 'float'; posible pérdida de datos
C:\Users\dquin\Documents\GitHub\lab2-Jocs\src\mygame.cpp(580,92): warning C4305: 'argumento': truncamiento de 'double' a 'float'
C:\Users\dquin\Documents\GitHub\lab2-Jocs\src\mygame.cpp(580,94): warning C4244: 'argumento': conversión de 'double' a 'float'; posible pérdida de datos
C:\Users\dquin\Documents\GitHub\lab2-Jocs\src\mygame.cpp(581,99): warning C4305: 'argumento': truncamiento de 'double' a 'float'
C:\Users\dquin\Documents\GitHub\lab2-Jocs\src\mygame.cpp(581,101): warning C4244: 'argumento': conversión de 'double' a 'float'; posible pérdida de datos
C:\Users\dquin\Documents\GitHub\lab2-Jocs\src\mygame.cpp(592,42): warning C4305: 'argumento': truncamiento de 'double' a 'float'
C:\Users\dquin\Documents\GitHub\lab2-Jocs\src\mygame.cpp(600,58): warning C4305: 'argumento': truncamiento de 'double' a 'float'
C:\Users\dquin\Documents\GitHub\lab2-Jocs\src\mygame.cpp(654,42): warning C4305: 'argumento': truncamiento de 'double' a 'float'
C:\Users\dquin\Documents\GitHub\lab2-Jocs\src\mygame.cpp(658,58): warning C4305: 'argumento': truncamiento de 'double' a 'float'
C:\Users\dquin\Documents\GitHub\lab2-Jocs\src\mygame.cpp(675,6): warning C4305: 'argumento': truncamiento de 'double' a 'float'
C:\Users\dquin\Documents\GitHub\lab2-Jocs\src\mygame.cpp(678,76): warning C4305: 'argumento': truncamiento de 'double' a 'float'
C:\Users\dquin\Documents\GitHub\lab2-Jocs\src\mygame.cpp(679,104): warning C4305: 'argumento': truncamiento de 'double' a 'float'
C:\Users\dquin\Documents\GitHub\lab2-Jocs\src\mygame.cpp(680,6): warning C4305: 'argumento': truncamiento de 'double' a 'float'
C:\Users\dquin\Documents\GitHub\lab2-Jocs\src\mygame.cpp(725,25): warning C4305: '=': truncamiento de 'double' a 'float'
C:\Users\dquin\Documents\GitHub\lab2-Jocs\src\mygame.cpp(777,34): warning C4305: 'argumento': truncamiento de 'double' a 'float'
C:\Users\dquin\Documents\GitHub\lab2-Jocs\src\mygame.cpp(793,34): warning C4305: 'argumento': truncamiento de 'double' a 'float'
C:\Users\dquin\Documents\GitHub\lab2-Jocs\src\mygame.cpp(825,59): warning C4244: 'argumento': conversión de 'float' a 'int'; posible pérdida de datos
C:\Users\dquin\Documents\GitHub\lab2-Jocs\src\mygame.cpp(826,41): warning C4244: 'argumento': conversión de 'float' a 'int'; posible pérdida de datos
C:\Users\dquin\Documents\GitHub\lab2-Jocs\src\mygame.cpp(834,84): warning C4244: 'argumento': conversión de 'double' a 'float'; posible pérdida de datos
C:\Users\dquin\Documents\GitHub\lab2-Jocs\src\mygame.cpp(855,42): warning C4305: 'argumento': truncamiento de 'double' a 'float'
C:\Users\dquin\Documents\GitHub\lab2-Jocs\src\mygame.cpp(856,43): warning C4305: 'argumento': truncamiento de 'double' a 'float'
C:\Users\dquin\Documents\GitHub\lab2-Jocs\src\mygame.cpp(857,43): warning C4305: 'argumento': truncamiento de 'double' a 'float'
C:\Users\dquin\Documents\GitHub\lab2-Jocs\src\mygame.cpp(858,44): warning C4305: 'argumento': truncamiento de 'double' a 'float'
C:\Users\dquin\Documents\GitHub\lab2-Jocs\src\mygame.cpp(868,33): warning C4305: 'argumento': truncamiento de 'double' a 'float'
C:\Users\dquin\Documents\GitHub\lab2-Jocs\src\mygame.cpp(885,41): warning C4244: 'argumento': conversión de 'int' a 'float'; posible pérdida de datos
C:\Users\dquin\Documents\GitHub\lab2-Jocs\src\mygame.cpp(886,27): warning C4244: 'argumento': conversión de 'int' a 'float'; posible pérdida de datos
C:\Users\dquin\Documents\GitHub\lab2-Jocs\src\mygame.cpp(952,18): warning C4553: "==": el resultado de la expresión no se usa. ¿Quiso decir "="?
C:\Users\dquin\Documents\GitHub\lab2-Jocs\src\mygame.cpp(1004,20): warning C4244: 'argumento': conversión de 'double' a 'float'; posible pérdida de datos
C:\Users\dquin\Documents\GitHub\lab2-Jocs\src\mygame.cpp(1006,21): warning C4244: 'argumento': conversión de 'double' a 'float'; posible pérdida de datos
C:\Users\dquin\Documents\GitHub\lab2-Jocs\src\mygame.cpp(1020,7): warning C4305: 'argumento': truncamiento de 'double' a 'float'
C:\Users\dquin\Documents\GitHub\lab2-Jocs\src\mygame.cpp(1025,97): warning C4305: 'argumento': truncamiento de 'double' a 'float'
C:\Users\dquin\Documents\GitHub\lab2-Jocs\src\mygame.cpp(1059,30): warning C4305: 'argumento': truncamiento de 'double' a 'float'
C:\Users\dquin\Documents\GitHub\lab2-Jocs\src\mygame.cpp(1066,29): warning C4305: 'argumento': truncamiento de 'double' a 'float'
C:\Users\dquin\Documents\GitHub\lab2-Jocs\src\mygame.cpp(1073,29): warning C4305: 'argumento': truncamiento de 'double' a 'float'
C:\Users\dquin\Documents\GitHub\lab2-Jocs\src\mygame.cpp(1080,28): warning C4305: 'argumento': truncamiento de 'double' a 'float'
C:\Users\dquin\Documents\GitHub\lab2-Jocs\src\mygame.cpp(1126,94): warning C4305: 'argumento': truncamiento de 'double' a 'float'
C:\Users\dquin\Documents\GitHub\lab2-Jocs\src\mygame.cpp(1132,69): warning C4244: 'argumento': conversión de 'double' a 'float'; posible pérdida de datos
C:\Users\dquin\Documents\GitHub\lab2-Jocs\src\mygame.cpp(1133,96): warning C4305: 'argumento': truncamiento de 'double' a 'float'
C:\Users\dquin\Documents\GitHub\lab2-Jocs\src\mygame.cpp(1138,70): warning C4244: 'argumento': conversión de 'double' a 'float'; posible pérdida de datos
C:\Users\dquin\Documents\GitHub\lab2-Jocs\src\mygame.cpp(1139,97): warning C4305: 'argumento': truncamiento de 'double' a 'float'
C:\Users\dquin\Documents\GitHub\lab2-Jocs\src\mygame.cpp(1152,20): warning C4244: 'argumento': conversión de 'double' a 'float'; posible pérdida de datos
C:\Users\dquin\Documents\GitHub\lab2-Jocs\src\mygame.cpp(1154,21): warning C4244: 'argumento': conversión de 'double' a 'float'; posible pérdida de datos
C:\Users\dquin\Documents\GitHub\lab2-Jocs\src\mygame.cpp(1285,98): warning C4244: 'argumento': conversión de 'double' a 'float'; posible pérdida de datos
C:\Users\dquin\Documents\GitHub\lab2-Jocs\src\mygame.cpp(1285,87): warning C4244: 'argumento': conversión de 'double' a 'float'; posible pérdida de datos
C:\Users\dquin\Documents\GitHub\lab2-Jocs\src\mygame.cpp(1285,22): warning C4244: 'argumento': conversión de 'double' a 'float'; posible pérdida de datos
C:\Users\dquin\Documents\GitHub\lab2-Jocs\src\mygame.cpp(1312,49): warning C4305: 'argumento': truncamiento de 'double' a 'float'
  utils.cpp
C:\Users\dquin\Documents\GitHub\lab2-Jocs\src\framework.h(372,105): warning C4244: 'return': conversión de 'double' a 'float'; posible pérdida de datos
C:\Users\dquin\Documents\GitHub\lab2-Jocs\src\utils.cpp(83,13): warning C4996: 'fopen': This function or variable may be unsafe. Consider using fopen_s instead. To disable deprecation, use _CRT_SECURE_NO_WARNINGS. See online help for details.
C:\Users\dquin\Documents\GitHub\lab2-Jocs\src\utils.cpp(138,20): warning C4018: '<': no coinciden signed/unsigned
C:\Users\dquin\Documents\GitHub\lab2-Jocs\src\utils.cpp(139,26): warning C4018: '<': no coinciden signed/unsigned
C:\Users\dquin\Documents\GitHub\lab2-Jocs\src\utils.cpp(287,51): warning C4244: 'argumento': conversión de 'double' a 'float'; posible pérdida de datos
C:\Users\dquin\Documents\GitHub\lab2-Jocs\src\utils.cpp(288,63): warning C4305: 'argumento': truncamiento de 'double' a 'float'
C:\Users\dquin\Documents\GitHub\lab2-Jocs\src\utils.cpp(313,10): warning C4244: '=': conversión de 'double' a 'float'; posible pérdida de datos
C:\Users\dquin\Documents\GitHub\lab2-Jocs\src\utils.cpp(323,16): warning C4244: '=': conversión de 'double' a 'float'; posible pérdida de datos
C:\Users\dquin\Documents\GitHub\lab2-Jocs\src\utils.cpp(345,11): warning C4244: 'inicializando': conversión de 'double' a 'float'; posible pérdida de datos
C:\Users\dquin\Documents\GitHub\lab2-Jocs\src\utils.cpp(347,17): warning C4244: 'argumento': conversión de 'float' a 'const unsigned int'; posible pérdida de datos
C:\Users\dquin\Documents\GitHub\lab2-Jocs\src\utils.cpp(360,12): warning C4244: 'inicializando': conversión de 'double' a 'float'; posible pérdida de datos
C:\Users\dquin\Documents\GitHub\lab2-Jocs\src\utils.cpp(369,14): warning C4018: '>=': no coinciden signed/unsigned
C:\Users\dquin\Documents\GitHub\lab2-Jocs\src\utils.cpp(409,20): warning C4018: '<': no coinciden signed/unsigned
C:\Users\dquin\Documents\GitHub\lab2-Jocs\src\utils.cpp(410,59): warning C4244: 'argumento': conversión de '_Ty' a 'unsigned int'; posible pérdida de datos
          with
          [
              _Ty=float
          ]
C:\Users\dquin\Documents\GitHub\lab2-Jocs\src\utils.cpp(410,44): warning C4244: 'argumento': conversión de '_Ty' a 'unsigned int'; posible pérdida de datos
          with
          [
              _Ty=float
          ]
C:\Users\dquin\Documents\GitHub\lab2-Jocs\src\utils.cpp(410,29): warning C4244: 'argumento': conversión de '_Ty' a 'unsigned int'; posible pérdida de datos
          with
          [
              _Ty=float
          ]
C:\Users\dquin\Documents\GitHub\lab2-Jocs\src\utils.cpp(420,20): warning C4018: '<': no coinciden signed/unsigned
C:\Users\dquin\Documents\GitHub\lab2-Jocs\src\utils.cpp(421,74): warning C4244: 'argumento': conversión de '_Ty' a 'uint8'; posible pérdida de datos
          with
          [
              _Ty=float
          ]
C:\Users\dquin\Documents\GitHub\lab2-Jocs\src\utils.cpp(421,59): warning C4244: 'argumento': conversión de '_Ty' a 'uint8'; posible pérdida de datos
          with
          [
              _Ty=float
          ]
C:\Users\dquin\Documents\GitHub\lab2-Jocs\src\utils.cpp(421,44): warning C4244: 'argumento': conversión de '_Ty' a 'uint8'; posible pérdida de datos
          with
          [
              _Ty=float
          ]
C:\Users\dquin\Documents\GitHub\lab2-Jocs\src\utils.cpp(421,29): warning C4244: 'argumento': conversión de '_Ty' a 'uint8'; posible pérdida de datos
          with
          [
              _Ty=float
          ]
     Creando biblioteca ..\..\game.lib y objeto ..\..\game.exp
LINK : warning LNK4098: la biblioteca predeterminada'LIBCMT' entra en conflicto con otras bibliotecas; use la biblioteca /NODEFAULTLIB:biblioteca
mygame.obj : error LNK2001: símbolo externo _BASS_Init@20 sin resolver
mygame.obj : error LNK2001: símbolo externo _BASS_SampleLoad@28 sin resolver
mygame.obj : error LNK2001: símbolo externo _BASS_ChannelPlay@8 sin resolver
mygame.obj : error LNK2001: símbolo externo _BASS_SampleGetChannel@8 sin resolver
mygame.obj : error LNK2001: símbolo externo _BASS_ChannelPause@4 sin resolver
..\..\game.exe : fatal error LNK1120: 5 externos sin resolver
