  game.cpp
C:\Users\dquin\Documents\GitHub\lab2-Jocs\src\framework.h(372,105): warning C4244: 'return': conversión de 'double' a 'float'; posible pérdida de datos
C:\Users\dquin\Documents\GitHub\lab2-Jocs\src\game.cpp(76,14): warning C4244: 'inicializando': conversión de 'double' a 'float'; posible pérdida de datos
C:\Users\dquin\Documents\GitHub\lab2-Jocs\src\game.cpp(139,40): warning C4244: '*=': conversión de 'double' a 'float'; posible pérdida de datos
  main.cpp
C:\Users\dquin\Documents\GitHub\lab2-Jocs\src\framework.h(372,105): warning C4244: 'return': conversión de 'double' a 'float'; posible pérdida de datos
C:\Users\dquin\Documents\GitHub\lab2-Jocs\src\main.cpp(118,46): warning C4244: '=': conversión de 'Sint32' a 'float'; posible pérdida de datos
C:\Users\dquin\Documents\GitHub\lab2-Jocs\src\main.cpp(152,24): warning C4244: '=': conversión de 'double' a 'float'; posible pérdida de datos
  mygame.cpp
C:\Users\dquin\Documents\GitHub\lab2-Jocs\src\framework.h(372,105): warning C4244: 'return': conversión de 'double' a 'float'; posible pérdida de datos
C:\Users\dquin\Documents\GitHub\lab2-Jocs\src\game.h(32,14): error C2065: 'Stage': identificador no declarado
C:\Users\dquin\Documents\GitHub\lab2-Jocs\src\game.h(32,20): error C2059: error de sintaxis: '>'
C:\Users\dquin\Documents\GitHub\lab2-Jocs\src\game.h(36,24): error C2061: error de sintaxis: identificador 'SeaStage'
C:\Users\dquin\Documents\GitHub\lab2-Jocs\src\game.h(37,24): error C2061: error de sintaxis: identificador 'LandStage'
C:\Users\dquin\Documents\GitHub\lab2-Jocs\src\mygame.cpp(50,34): warning C4305: 'argumento': truncamiento de 'double' a 'float'
C:\Users\dquin\Documents\GitHub\lab2-Jocs\src\mygame.cpp(52,19): warning C4244: 'argumento': conversión de 'double' a 'float'; posible pérdida de datos
C:\Users\dquin\Documents\GitHub\lab2-Jocs\src\mygame.cpp(96,35): warning C4244: 'argumento': conversión de 'double' a 'float'; posible pérdida de datos
C:\Users\dquin\Documents\GitHub\lab2-Jocs\src\mygame.cpp(98,88): warning C4244: 'argumento': conversión de 'double' a 'float'; posible pérdida de datos
C:\Users\dquin\Documents\GitHub\lab2-Jocs\src\mygame.cpp(99,86): warning C4244: 'argumento': conversión de 'double' a 'float'; posible pérdida de datos
C:\Users\dquin\Documents\GitHub\lab2-Jocs\src\mygame.cpp(100,78): warning C4244: 'argumento': conversión de 'double' a 'float'; posible pérdida de datos
C:\Users\dquin\Documents\GitHub\lab2-Jocs\src\mygame.cpp(101,78): warning C4244: 'argumento': conversión de 'double' a 'float'; posible pérdida de datos
C:\Users\dquin\Documents\GitHub\lab2-Jocs\src\mygame.cpp(107,92): warning C4305: 'argumento': truncamiento de 'double' a 'float'
C:\Users\dquin\Documents\GitHub\lab2-Jocs\src\mygame.cpp(107,94): warning C4244: 'argumento': conversión de 'double' a 'float'; posible pérdida de datos
C:\Users\dquin\Documents\GitHub\lab2-Jocs\src\mygame.cpp(108,97): warning C4305: 'argumento': truncamiento de 'double' a 'float'
C:\Users\dquin\Documents\GitHub\lab2-Jocs\src\mygame.cpp(108,99): warning C4244: 'argumento': conversión de 'double' a 'float'; posible pérdida de datos
C:\Users\dquin\Documents\GitHub\lab2-Jocs\src\mygame.cpp(145,35): warning C4244: 'argumento': conversión de 'double' a 'float'; posible pérdida de datos
C:\Users\dquin\Documents\GitHub\lab2-Jocs\src\mygame.cpp(147,88): warning C4244: 'argumento': conversión de 'double' a 'float'; posible pérdida de datos
C:\Users\dquin\Documents\GitHub\lab2-Jocs\src\mygame.cpp(148,86): warning C4244: 'argumento': conversión de 'double' a 'float'; posible pérdida de datos
C:\Users\dquin\Documents\GitHub\lab2-Jocs\src\mygame.cpp(149,78): warning C4244: 'argumento': conversión de 'double' a 'float'; posible pérdida de datos
C:\Users\dquin\Documents\GitHub\lab2-Jocs\src\mygame.cpp(150,78): warning C4244: 'argumento': conversión de 'double' a 'float'; posible pérdida de datos
C:\Users\dquin\Documents\GitHub\lab2-Jocs\src\mygame.cpp(156,92): warning C4305: 'argumento': truncamiento de 'double' a 'float'
C:\Users\dquin\Documents\GitHub\lab2-Jocs\src\mygame.cpp(156,94): warning C4244: 'argumento': conversión de 'double' a 'float'; posible pérdida de datos
C:\Users\dquin\Documents\GitHub\lab2-Jocs\src\mygame.cpp(157,97): warning C4305: 'argumento': truncamiento de 'double' a 'float'
C:\Users\dquin\Documents\GitHub\lab2-Jocs\src\mygame.cpp(157,99): warning C4244: 'argumento': conversión de 'double' a 'float'; posible pérdida de datos
C:\Users\dquin\Documents\GitHub\lab2-Jocs\src\mygame.cpp(168,18): warning C4244: 'argumento': conversión de 'double' a 'float'; posible pérdida de datos
C:\Users\dquin\Documents\GitHub\lab2-Jocs\src\mygame.cpp(178,19): warning C4244: 'argumento': conversión de 'double' a 'float'; posible pérdida de datos
C:\Users\dquin\Documents\GitHub\lab2-Jocs\src\mygame.cpp(234,97): warning C4305: 'argumento': truncamiento de 'double' a 'float'
  rendertotexture.cpp
C:\Users\dquin\Documents\GitHub\lab2-Jocs\src\framework.h(372,105): warning C4244: 'return': conversión de 'double' a 'float'; posible pérdida de datos
  shader.cpp
C:\Users\dquin\Documents\GitHub\lab2-Jocs\src\framework.h(372,105): warning C4244: 'return': conversión de 'double' a 'float'; posible pérdida de datos
C:\Users\dquin\Documents\GitHub\lab2-Jocs\src\shader.cpp(177,20): warning C4018: '<': no coinciden signed/unsigned
C:\Users\dquin\Documents\GitHub\lab2-Jocs\src\shader.cpp(216,20): warning C4018: '<': no coinciden signed/unsigned
  utils.cpp
C:\Users\dquin\Documents\GitHub\lab2-Jocs\src\framework.h(372,105): warning C4244: 'return': conversión de 'double' a 'float'; posible pérdida de datos
C:\Users\dquin\Documents\GitHub\lab2-Jocs\src\utils.cpp(83,13): warning C4996: 'fopen': This function or variable may be unsafe. Consider using fopen_s instead. To disable deprecation, use _CRT_SECURE_NO_WARNINGS. See online help for details.
C:\Users\dquin\Documents\GitHub\lab2-Jocs\src\utils.cpp(138,20): warning C4018: '<': no coinciden signed/unsigned
C:\Users\dquin\Documents\GitHub\lab2-Jocs\src\utils.cpp(139,26): warning C4018: '<': no coinciden signed/unsigned
C:\Users\dquin\Documents\GitHub\lab2-Jocs\src\utils.cpp(287,51): warning C4244: 'argumento': conversión de 'double' a 'float'; posible pérdida de datos
C:\Users\dquin\Documents\GitHub\lab2-Jocs\src\utils.cpp(288,63): warning C4305: 'argumento': truncamiento de 'double' a 'float'
C:\Users\dquin\Documents\GitHub\lab2-Jocs\src\utils.cpp(313,10): warning C4244: '=': conversión de 'double' a 'float'; posible pérdida de datos
C:\Users\dquin\Documents\GitHub\lab2-Jocs\src\utils.cpp(323,16): warning C4244: '=': conversión de 'double' a 'float'; posible pérdida de datos
C:\Users\dquin\Documents\GitHub\lab2-Jocs\src\utils.cpp(345,11): warning C4244: 'inicializando': conversión de 'double' a 'float'; posible pérdida de datos
C:\Users\dquin\Documents\GitHub\lab2-Jocs\src\utils.cpp(347,17): warning C4244: 'argumento': conversión de 'float' a 'const unsigned int'; posible pérdida de datos
C:\Users\dquin\Documents\GitHub\lab2-Jocs\src\utils.cpp(360,12): warning C4244: 'inicializando': conversión de 'double' a 'float'; posible pérdida de datos
C:\Users\dquin\Documents\GitHub\lab2-Jocs\src\utils.cpp(369,14): warning C4018: '>=': no coinciden signed/unsigned
C:\Users\dquin\Documents\GitHub\lab2-Jocs\src\utils.cpp(409,20): warning C4018: '<': no coinciden signed/unsigned
C:\Users\dquin\Documents\GitHub\lab2-Jocs\src\utils.cpp(410,59): warning C4244: 'argumento': conversión de '_Ty' a 'unsigned int'; posible pérdida de datos
          with
          [
              _Ty=float
          ]
C:\Users\dquin\Documents\GitHub\lab2-Jocs\src\utils.cpp(410,44): warning C4244: 'argumento': conversión de '_Ty' a 'unsigned int'; posible pérdida de datos
          with
          [
              _Ty=float
          ]
C:\Users\dquin\Documents\GitHub\lab2-Jocs\src\utils.cpp(410,29): warning C4244: 'argumento': conversión de '_Ty' a 'unsigned int'; posible pérdida de datos
          with
          [
              _Ty=float
          ]
C:\Users\dquin\Documents\GitHub\lab2-Jocs\src\utils.cpp(420,20): warning C4018: '<': no coinciden signed/unsigned
C:\Users\dquin\Documents\GitHub\lab2-Jocs\src\utils.cpp(421,74): warning C4244: 'argumento': conversión de '_Ty' a 'uint8'; posible pérdida de datos
          with
          [
              _Ty=float
          ]
C:\Users\dquin\Documents\GitHub\lab2-Jocs\src\utils.cpp(421,59): warning C4244: 'argumento': conversión de '_Ty' a 'uint8'; posible pérdida de datos
          with
          [
              _Ty=float
          ]
C:\Users\dquin\Documents\GitHub\lab2-Jocs\src\utils.cpp(421,44): warning C4244: 'argumento': conversión de '_Ty' a 'uint8'; posible pérdida de datos
          with
          [
              _Ty=float
          ]
C:\Users\dquin\Documents\GitHub\lab2-Jocs\src\utils.cpp(421,29): warning C4244: 'argumento': conversión de '_Ty' a 'uint8'; posible pérdida de datos
          with
          [
              _Ty=float
          ]
  Generando código...
